347  [main] ERROR u.e.service.impl.TicketServiceImpl - Invalid input data 
362  [main] ERROR u.e.service.impl.TicketServiceImpl - Invalid input data 
390  [main] ERROR u.e.service.impl.TicketServiceImpl - Invalid input data 
391  [main] ERROR u.e.service.impl.TicketServiceImpl - Invalid input data 
259  [main] ERROR u.e.service.impl.UserServiceImpl - null
264  [main] ERROR u.e.service.impl.UserServiceImpl - Invalid input data 
267  [main] ERROR u.e.service.impl.UserServiceImpl - Invalid input data 
269  [main] ERROR u.e.service.impl.UserServiceImpl - Invalid input data 
270  [main] ERROR u.e.service.impl.UserServiceImpl - Invalid input data 
274  [main] ERROR u.e.service.impl.UserServiceImpl - Invalid input data 
282  [main] ERROR u.e.service.impl.UserServiceImpl - Invalid input data 
238  [main] ERROR u.e.service.impl.TicketServiceImpl - Invalid input data 
248  [main] ERROR u.e.service.impl.TicketServiceImpl - Invalid input data 
262  [main] ERROR u.e.service.impl.TicketServiceImpl - Invalid input data 
265  [main] ERROR u.e.service.impl.TicketServiceImpl - Invalid input data 
253  [main] ERROR u.e.s.i.ExhibitionHallServiceImpl - null
14363 [main] ERROR u.e.s.i.ExhibitionHallServiceImpl - null
207  [main] ERROR u.e.s.i.ExhibitionHallServiceImpl - null
218  [main] ERROR u.e.s.i.ExhibitionHallServiceImpl - null
299  [main] ERROR u.e.s.impl.ExhibitionServiceImpl - Exhibition hall with such id doesn't exists 
288  [main] ERROR u.e.s.impl.ExhibitionServiceImpl - Exhibition hall with such id doesn't exists 
291  [main] ERROR u.e.s.impl.ExhibitionServiceImpl - Exhibition hall with such id doesn't exists 
238  [main] ERROR u.e.service.impl.TicketServiceImpl - Invalid input data 
246  [main] ERROR u.e.service.impl.TicketServiceImpl - Invalid input data 
264  [main] ERROR u.e.service.impl.TicketServiceImpl - Invalid input data 
266  [main] ERROR u.e.service.impl.TicketServiceImpl - Invalid input data 
276  [main] ERROR u.e.service.impl.TicketServiceImpl - Invalid input data 
284  [main] ERROR u.e.service.impl.TicketServiceImpl - Invalid input data 
323  [main] ERROR u.e.service.impl.TicketServiceImpl - Invalid input data 
325  [main] ERROR u.e.service.impl.TicketServiceImpl - Invalid input data 
253  [main] ERROR u.e.service.impl.TicketServiceImpl - Invalid input data 
261  [main] ERROR u.e.service.impl.TicketServiceImpl - Invalid input data 
285  [main] ERROR u.e.service.impl.TicketServiceImpl - Invalid input data 
286  [main] ERROR u.e.service.impl.TicketServiceImpl - Invalid input data 
304  [main] ERROR u.e.service.impl.UserServiceImpl - null
308  [main] ERROR u.e.service.impl.UserServiceImpl - Invalid input data 
313  [main] ERROR u.e.service.impl.UserServiceImpl - Invalid input data 
315  [main] ERROR u.e.service.impl.UserServiceImpl - Invalid input data 
316  [main] ERROR u.e.service.impl.UserServiceImpl - Invalid input data 
320  [main] ERROR u.e.service.impl.UserServiceImpl - Invalid input data 
327  [main] ERROR u.e.service.impl.UserServiceImpl - Invalid input data 
282  [main] ERROR u.e.service.impl.UserServiceImpl - null
294  [main] ERROR u.e.service.impl.UserServiceImpl - Invalid input data 
302  [main] ERROR u.e.service.impl.UserServiceImpl - Invalid input data 
304  [main] ERROR u.e.service.impl.UserServiceImpl - Invalid input data 
305  [main] ERROR u.e.service.impl.UserServiceImpl - Invalid input data 
309  [main] ERROR u.e.service.impl.UserServiceImpl - Invalid input data 
324  [main] ERROR u.e.service.impl.UserServiceImpl - Invalid input data 
